[   51490ms] [VERBOSE] [DOM] Input elements should have autocomplete attributes (suggested: "current-password"): (More info: https://goo.gl/9p2vKq) %o @ http://localhost/ITSI/public/index.php/login:0
[   52948ms] [VERBOSE] [DOM] Input elements should have autocomplete attributes (suggested: "current-password"): (More info: https://goo.gl/9p2vKq) %o @ http://localhost/ITSI/public/index.php/login:0
[   81192ms] [VERBOSE] [DOM] Input elements should have autocomplete attributes (suggested: "current-password"): (More info: https://goo.gl/9p2vKq) %o @ http://localhost/ITSI/public/index.php/login:0
[   82692ms] [VERBOSE] [DOM] Input elements should have autocomplete attributes (suggested: "current-password"): (More info: https://goo.gl/9p2vKq) %o @ http://localhost/ITSI/public/index.php/login:0
[   84456ms] Error: Element not found
    at http://localhost/ITSI/public/sistema/assets/libs/apexcharts/dist/apexcharts.min.js:14:36352
    at new Promise (<anonymous>)
    at t.value (http://localhost/ITSI/public/sistema/assets/libs/apexcharts/dist/apexcharts.min.js:14:21675)
    at HTMLDocument.<anonymous> (http://localhost/ITSI/public/sistema/assets/js/dashboard.js:79:9)
    at e (http://localhost/ITSI/public/sistema/assets/libs/jquery/dist/jquery.min.js:2:29453)
    at t (http://localhost/ITSI/public/sistema/assets/libs/jquery/dist/jquery.min.js:2:29755)
[   86629ms] Error: Element not found
    at http://localhost/ITSI/public/sistema/assets/libs/apexcharts/dist/apexcharts.min.js:14:36352
    at new Promise (<anonymous>)
    at t.value (http://localhost/ITSI/public/sistema/assets/libs/apexcharts/dist/apexcharts.min.js:14:21675)
    at HTMLDocument.<anonymous> (http://localhost/ITSI/public/sistema/assets/js/dashboard.js:79:9)
    at e (http://localhost/ITSI/public/sistema/assets/libs/jquery/dist/jquery.min.js:2:29453)
    at t (http://localhost/ITSI/public/sistema/assets/libs/jquery/dist/jquery.min.js:2:29755)
[   88005ms] [ERROR] Failed to load resource: the server responded with a status of 403 (Forbidden) @ http://localhost/ITSI/public/uploads/perfiles/default.jpg:0
[   88009ms] [ERROR] Failed to load resource: the server responded with a status of 403 (Forbidden) @ http://localhost/ITSI/public/uploads/perfiles/user_40_1753940652.jpg:0
[   88079ms] [ERROR] Failed to load resource: the server responded with a status of 403 (Forbidden) @ http://localhost/ITSI/public/uploads/perfiles/default.jpg:0
[   88115ms] [VERBOSE] [DOM] Input elements should have autocomplete attributes (suggested: "new-password"): (More info: https://goo.gl/9p2vKq) %o @ http://localhost/ITSI/public/index.php/global-admin/usuarios:0
[   88115ms] [VERBOSE] [DOM] Input elements should have autocomplete attributes (suggested: "new-password"): (More info: https://goo.gl/9p2vKq) %o @ http://localhost/ITSI/public/index.php/global-admin/usuarios:0
[   88115ms] [VERBOSE] [DOM] Input elements should have autocomplete attributes (suggested: "new-password"): (More info: https://goo.gl/9p2vKq) %o @ http://localhost/ITSI/public/index.php/global-admin/usuarios:0
[   88115ms] [VERBOSE] [DOM] Input elements should have autocomplete attributes (suggested: "new-password"): (More info: https://goo.gl/9p2vKq) %o @ http://localhost/ITSI/public/index.php/global-admin/usuarios:0
[   88126ms] Error: Element not found
    at http://localhost/ITSI/public/sistema/assets/libs/apexcharts/dist/apexcharts.min.js:14:36352
    at new Promise (<anonymous>)
    at t.value (http://localhost/ITSI/public/sistema/assets/libs/apexcharts/dist/apexcharts.min.js:14:21675)
    at HTMLDocument.<anonymous> (http://localhost/ITSI/public/sistema/assets/js/dashboard.js:79:9)
    at e (http://localhost/ITSI/public/sistema/assets/libs/jquery/dist/jquery.min.js:2:29453)
    at t (http://localhost/ITSI/public/sistema/assets/libs/jquery/dist/jquery.min.js:2:29755)
[   89588ms] Error: Element not found
    at http://localhost/ITSI/public/sistema/assets/libs/apexcharts/dist/apexcharts.min.js:14:36352
    at new Promise (<anonymous>)
    at t.value (http://localhost/ITSI/public/sistema/assets/libs/apexcharts/dist/apexcharts.min.js:14:21675)
    at HTMLDocument.<anonymous> (http://localhost/ITSI/public/sistema/assets/js/dashboard.js:79:9)
    at e (http://localhost/ITSI/public/sistema/assets/libs/jquery/dist/jquery.min.js:2:29453)
    at t (http://localhost/ITSI/public/sistema/assets/libs/jquery/dist/jquery.min.js:2:29755)
[   91066ms] [VERBOSE] [DOM] Input elements should have autocomplete attributes (suggested: "current-password"): (More info: https://goo.gl/9p2vKq) @ http://localhost/ITSI/public/index.php/global-admin/configuracion:0
[   91066ms] [VERBOSE] [DOM] Input elements should have autocomplete attributes (suggested: "current-password"): (More info: https://goo.gl/9p2vKq) @ http://localhost/ITSI/public/index.php/global-admin/configuracion:0
[   91079ms] Error: Element not found
    at http://localhost/ITSI/public/sistema/assets/libs/apexcharts/dist/apexcharts.min.js:14:36352
    at new Promise (<anonymous>)
    at t.value (http://localhost/ITSI/public/sistema/assets/libs/apexcharts/dist/apexcharts.min.js:14:21675)
    at HTMLDocument.<anonymous> (http://localhost/ITSI/public/sistema/assets/js/dashboard.js:79:9)
    at e (http://localhost/ITSI/public/sistema/assets/libs/jquery/dist/jquery.min.js:2:29453)
    at t (http://localhost/ITSI/public/sistema/assets/libs/jquery/dist/jquery.min.js:2:29755)
[   92514ms] Error: Element not found
    at http://localhost/ITSI/public/sistema/assets/libs/apexcharts/dist/apexcharts.min.js:14:36352
    at new Promise (<anonymous>)
    at t.value (http://localhost/ITSI/public/sistema/assets/libs/apexcharts/dist/apexcharts.min.js:14:21675)
    at HTMLDocument.<anonymous> (http://localhost/ITSI/public/sistema/assets/js/dashboard.js:79:9)
    at e (http://localhost/ITSI/public/sistema/assets/libs/jquery/dist/jquery.min.js:2:29453)
    at t (http://localhost/ITSI/public/sistema/assets/libs/jquery/dist/jquery.min.js:2:29755)
[   92791ms] [ERROR] Failed to load resource: the server responded with a status of 404 (Not Found) @ http://localhost/ITSI/public/index.php/global-admin/obtener-lista-respaldos?_=1780362229683:0
[   92792ms] [ERROR] Error de conexión al cargar respaldos @ http://localhost/ITSI/public/index.php/global-admin/respaldos:436
[   93960ms] [WARNING] jQuery.Deferred exception: Chart is not defined ReferenceError: Chart is not defined
    at inicializarGrafico (http://localhost/ITSI/public/index.php/global-admin/logs:531:5)
    at HTMLDocument.<anonymous> (http://localhost/ITSI/public/index.php/global-admin/logs:401:5)
    at e (http://localhost/ITSI/public/sistema/assets/libs/jquery/dist/jquery.min.js:2:29453)
    at t (http://localhost/ITSI/public/sistema/assets/libs/jquery/dist/jquery.min.js:2:29755) undefined @ http://localhost/ITSI/public/sistema/assets/libs/jquery/dist/jquery.min.js:1
[   93967ms] Error: Element not found
    at http://localhost/ITSI/public/sistema/assets/libs/apexcharts/dist/apexcharts.min.js:14:36352
    at new Promise (<anonymous>)
    at t.value (http://localhost/ITSI/public/sistema/assets/libs/apexcharts/dist/apexcharts.min.js:14:21675)
    at HTMLDocument.<anonymous> (http://localhost/ITSI/public/sistema/assets/js/dashboard.js:79:9)
    at e (http://localhost/ITSI/public/sistema/assets/libs/jquery/dist/jquery.min.js:2:29453)
    at t (http://localhost/ITSI/public/sistema/assets/libs/jquery/dist/jquery.min.js:2:29755)
[   93967ms] ReferenceError: Chart is not defined
    at inicializarGrafico (http://localhost/ITSI/public/index.php/global-admin/logs:531:5)
    at HTMLDocument.<anonymous> (http://localhost/ITSI/public/index.php/global-admin/logs:401:5)
    at e (http://localhost/ITSI/public/sistema/assets/libs/jquery/dist/jquery.min.js:2:29453)
    at t (http://localhost/ITSI/public/sistema/assets/libs/jquery/dist/jquery.min.js:2:29755)
[   94126ms] TypeError: Cannot read properties of undefined (reading 'length')
    at mostrarLogs (http://localhost/ITSI/public/index.php/global-admin/logs:435:14)
    at Object.success (http://localhost/ITSI/public/index.php/global-admin/logs:419:17)
    at c (http://localhost/ITSI/public/sistema/assets/libs/jquery/dist/jquery.min.js:2:27742)
    at Object.fireWith [as resolveWith] (http://localhost/ITSI/public/sistema/assets/libs/jquery/dist/jquery.min.js:2:28487)
    at l (http://localhost/ITSI/public/sistema/assets/libs/jquery/dist/jquery.min.js:2:78795)
    at XMLHttpRequest.<anonymous> (http://localhost/ITSI/public/sistema/assets/libs/jquery/dist/jquery.min.js:2:81123)
[   95390ms] [WARNING] jQuery.Deferred exception: window.chartActividad.destroy is not a function TypeError: window.chartActividad.destroy is not a function
    at actualizarGraficos (http://localhost/ITSI/public/index.php/global-admin/estadisticas:547:31)
    at inicializarGraficos (http://localhost/ITSI/public/index.php/global-admin/estadisticas:759:5)
    at HTMLDocument.<anonymous> (http://localhost/ITSI/public/index.php/global-admin/estadisticas:503:5)
    at e (http://localhost/ITSI/public/sistema/assets/libs/jquery/dist/jquery.min.js:2:29453)
    at t (http://localhost/ITSI/public/sistema/assets/libs/jquery/dist/jquery.min.js:2:29755) undefined @ http://localhost/ITSI/public/sistema/assets/libs/jquery/dist/jquery.min.js:1
[   95396ms] Error: Element not found
    at http://localhost/ITSI/public/sistema/assets/libs/apexcharts/dist/apexcharts.min.js:14:36352
    at new Promise (<anonymous>)
    at t.value (http://localhost/ITSI/public/sistema/assets/libs/apexcharts/dist/apexcharts.min.js:14:21675)
    at HTMLDocument.<anonymous> (http://localhost/ITSI/public/sistema/assets/js/dashboard.js:79:9)
    at e (http://localhost/ITSI/public/sistema/assets/libs/jquery/dist/jquery.min.js:2:29453)
    at t (http://localhost/ITSI/public/sistema/assets/libs/jquery/dist/jquery.min.js:2:29755)
[   95396ms] TypeError: window.chartActividad.destroy is not a function
    at actualizarGraficos (http://localhost/ITSI/public/index.php/global-admin/estadisticas:547:31)
    at inicializarGraficos (http://localhost/ITSI/public/index.php/global-admin/estadisticas:759:5)
    at HTMLDocument.<anonymous> (http://localhost/ITSI/public/index.php/global-admin/estadisticas:503:5)
    at e (http://localhost/ITSI/public/sistema/assets/libs/jquery/dist/jquery.min.js:2:29453)
    at t (http://localhost/ITSI/public/sistema/assets/libs/jquery/dist/jquery.min.js:2:29755)
[   95529ms] TypeError: window.chartActividad.destroy is not a function
    at actualizarGraficos (http://localhost/ITSI/public/index.php/global-admin/estadisticas:547:31)
    at Object.success (http://localhost/ITSI/public/index.php/global-admin/estadisticas:520:17)
    at c (http://localhost/ITSI/public/sistema/assets/libs/jquery/dist/jquery.min.js:2:27742)
    at Object.fireWith [as resolveWith] (http://localhost/ITSI/public/sistema/assets/libs/jquery/dist/jquery.min.js:2:28487)
    at l (http://localhost/ITSI/public/sistema/assets/libs/jquery/dist/jquery.min.js:2:78795)
    at XMLHttpRequest.<anonymous> (http://localhost/ITSI/public/sistema/assets/libs/jquery/dist/jquery.min.js:2:81123)
[   95640ms] TypeError: window.chartActividad.destroy is not a function
    at actualizarGraficos (http://localhost/ITSI/public/index.php/global-admin/estadisticas:547:31)
    at Object.success (http://localhost/ITSI/public/index.php/global-admin/estadisticas:520:17)
    at c (http://localhost/ITSI/public/sistema/assets/libs/jquery/dist/jquery.min.js:2:27742)
    at Object.fireWith [as resolveWith] (http://localhost/ITSI/public/sistema/assets/libs/jquery/dist/jquery.min.js:2:28487)
    at l (http://localhost/ITSI/public/sistema/assets/libs/jquery/dist/jquery.min.js:2:78795)
    at XMLHttpRequest.<anonymous> (http://localhost/ITSI/public/sistema/assets/libs/jquery/dist/jquery.min.js:2:81123)
[   95748ms] TypeError: window.chartActividad.destroy is not a function
    at actualizarGraficos (http://localhost/ITSI/public/index.php/global-admin/estadisticas:547:31)
    at Object.success (http://localhost/ITSI/public/index.php/global-admin/estadisticas:520:17)
    at c (http://localhost/ITSI/public/sistema/assets/libs/jquery/dist/jquery.min.js:2:27742)
    at Object.fireWith [as resolveWith] (http://localhost/ITSI/public/sistema/assets/libs/jquery/dist/jquery.min.js:2:28487)
    at l (http://localhost/ITSI/public/sistema/assets/libs/jquery/dist/jquery.min.js:2:78795)
    at XMLHttpRequest.<anonymous> (http://localhost/ITSI/public/sistema/assets/libs/jquery/dist/jquery.min.js:2:81123)
[   95872ms] TypeError: window.chartActividad.destroy is not a function
    at actualizarGraficos (http://localhost/ITSI/public/index.php/global-admin/estadisticas:547:31)
    at Object.success (http://localhost/ITSI/public/index.php/global-admin/estadisticas:520:17)
    at c (http://localhost/ITSI/public/sistema/assets/libs/jquery/dist/jquery.min.js:2:27742)
    at Object.fireWith [as resolveWith] (http://localhost/ITSI/public/sistema/assets/libs/jquery/dist/jquery.min.js:2:28487)
    at l (http://localhost/ITSI/public/sistema/assets/libs/jquery/dist/jquery.min.js:2:78795)
    at XMLHttpRequest.<anonymous> (http://localhost/ITSI/public/sistema/assets/libs/jquery/dist/jquery.min.js:2:81123)
[   95994ms] TypeError: window.chartActividad.destroy is not a function
    at actualizarGraficos (http://localhost/ITSI/public/index.php/global-admin/estadisticas:547:31)
    at Object.success (http://localhost/ITSI/public/index.php/global-admin/estadisticas:520:17)
    at c (http://localhost/ITSI/public/sistema/assets/libs/jquery/dist/jquery.min.js:2:27742)
    at Object.fireWith [as resolveWith] (http://localhost/ITSI/public/sistema/assets/libs/jquery/dist/jquery.min.js:2:28487)
    at l (http://localhost/ITSI/public/sistema/assets/libs/jquery/dist/jquery.min.js:2:78795)
    at XMLHttpRequest.<anonymous> (http://localhost/ITSI/public/sistema/assets/libs/jquery/dist/jquery.min.js:2:81123)
[   96117ms] TypeError: window.chartActividad.destroy is not a function
    at actualizarGraficos (http://localhost/ITSI/public/index.php/global-admin/estadisticas:547:31)
    at Object.success (http://localhost/ITSI/public/index.php/global-admin/estadisticas:520:17)
    at c (http://localhost/ITSI/public/sistema/assets/libs/jquery/dist/jquery.min.js:2:27742)
    at Object.fireWith [as resolveWith] (http://localhost/ITSI/public/sistema/assets/libs/jquery/dist/jquery.min.js:2:28487)
    at l (http://localhost/ITSI/public/sistema/assets/libs/jquery/dist/jquery.min.js:2:78795)
    at XMLHttpRequest.<anonymous> (http://localhost/ITSI/public/sistema/assets/libs/jquery/dist/jquery.min.js:2:81123)
[   96236ms] TypeError: window.chartActividad.destroy is not a function
    at actualizarGraficos (http://localhost/ITSI/public/index.php/global-admin/estadisticas:547:31)
    at Object.success (http://localhost/ITSI/public/index.php/global-admin/estadisticas:520:17)
    at c (http://localhost/ITSI/public/sistema/assets/libs/jquery/dist/jquery.min.js:2:27742)
    at Object.fireWith [as resolveWith] (http://localhost/ITSI/public/sistema/assets/libs/jquery/dist/jquery.min.js:2:28487)
    at l (http://localhost/ITSI/public/sistema/assets/libs/jquery/dist/jquery.min.js:2:78795)
    at XMLHttpRequest.<anonymous> (http://localhost/ITSI/public/sistema/assets/libs/jquery/dist/jquery.min.js:2:81123)
[   96351ms] TypeError: window.chartActividad.destroy is not a function
    at actualizarGraficos (http://localhost/ITSI/public/index.php/global-admin/estadisticas:547:31)
    at Object.success (http://localhost/ITSI/public/index.php/global-admin/estadisticas:520:17)
    at c (http://localhost/ITSI/public/sistema/assets/libs/jquery/dist/jquery.min.js:2:27742)
    at Object.fireWith [as resolveWith] (http://localhost/ITSI/public/sistema/assets/libs/jquery/dist/jquery.min.js:2:28487)
    at l (http://localhost/ITSI/public/sistema/assets/libs/jquery/dist/jquery.min.js:2:78795)
    at XMLHttpRequest.<anonymous> (http://localhost/ITSI/public/sistema/assets/libs/jquery/dist/jquery.min.js:2:81123)
[   96466ms] TypeError: window.chartActividad.destroy is not a function
    at actualizarGraficos (http://localhost/ITSI/public/index.php/global-admin/estadisticas:547:31)
    at Object.success (http://localhost/ITSI/public/index.php/global-admin/estadisticas:520:17)
    at c (http://localhost/ITSI/public/sistema/assets/libs/jquery/dist/jquery.min.js:2:27742)
    at Object.fireWith [as resolveWith] (http://localhost/ITSI/public/sistema/assets/libs/jquery/dist/jquery.min.js:2:28487)
    at l (http://localhost/ITSI/public/sistema/assets/libs/jquery/dist/jquery.min.js:2:78795)
    at XMLHttpRequest.<anonymous> (http://localhost/ITSI/public/sistema/assets/libs/jquery/dist/jquery.min.js:2:81123)
[   96585ms] TypeError: window.chartActividad.destroy is not a function
    at actualizarGraficos (http://localhost/ITSI/public/index.php/global-admin/estadisticas:547:31)
    at Object.success (http://localhost/ITSI/public/index.php/global-admin/estadisticas:520:17)
    at c (http://localhost/ITSI/public/sistema/assets/libs/jquery/dist/jquery.min.js:2:27742)
    at Object.fireWith [as resolveWith] (http://localhost/ITSI/public/sistema/assets/libs/jquery/dist/jquery.min.js:2:28487)
    at l (http://localhost/ITSI/public/sistema/assets/libs/jquery/dist/jquery.min.js:2:78795)
    at XMLHttpRequest.<anonymous> (http://localhost/ITSI/public/sistema/assets/libs/jquery/dist/jquery.min.js:2:81123)
[   96707ms] TypeError: window.chartActividad.destroy is not a function
    at actualizarGraficos (http://localhost/ITSI/public/index.php/global-admin/estadisticas:547:31)
    at Object.success (http://localhost/ITSI/public/index.php/global-admin/estadisticas:520:17)
    at c (http://localhost/ITSI/public/sistema/assets/libs/jquery/dist/jquery.min.js:2:27742)
    at Object.fireWith [as resolveWith] (http://localhost/ITSI/public/sistema/assets/libs/jquery/dist/jquery.min.js:2:28487)
    at l (http://localhost/ITSI/public/sistema/assets/libs/jquery/dist/jquery.min.js:2:78795)
    at XMLHttpRequest.<anonymous> (http://localhost/ITSI/public/sistema/assets/libs/jquery/dist/jquery.min.js:2:81123)
[   96821ms] TypeError: window.chartActividad.destroy is not a function
    at actualizarGraficos (http://localhost/ITSI/public/index.php/global-admin/estadisticas:547:31)
    at Object.success (http://localhost/ITSI/public/index.php/global-admin/estadisticas:520:17)
    at c (http://localhost/ITSI/public/sistema/assets/libs/jquery/dist/jquery.min.js:2:27742)
    at Object.fireWith [as resolveWith] (http://localhost/ITSI/public/sistema/assets/libs/jquery/dist/jquery.min.js:2:28487)
    at l (http://localhost/ITSI/public/sistema/assets/libs/jquery/dist/jquery.min.js:2:78795)
    at XMLHttpRequest.<anonymous> (http://localhost/ITSI/public/sistema/assets/libs/jquery/dist/jquery.min.js:2:81123)
[   96949ms] TypeError: window.chartActividad.destroy is not a function
    at actualizarGraficos (http://localhost/ITSI/public/index.php/global-admin/estadisticas:547:31)
    at Object.success (http://localhost/ITSI/public/index.php/global-admin/estadisticas:520:17)
    at c (http://localhost/ITSI/public/sistema/assets/libs/jquery/dist/jquery.min.js:2:27742)
    at Object.fireWith [as resolveWith] (http://localhost/ITSI/public/sistema/assets/libs/jquery/dist/jquery.min.js:2:28487)
    at l (http://localhost/ITSI/public/sistema/assets/libs/jquery/dist/jquery.min.js:2:78795)
    at XMLHttpRequest.<anonymous> (http://localhost/ITSI/public/sistema/assets/libs/jquery/dist/jquery.min.js:2:81123)
[   97064ms] TypeError: window.chartActividad.destroy is not a function
    at actualizarGraficos (http://localhost/ITSI/public/index.php/global-admin/estadisticas:547:31)
    at Object.success (http://localhost/ITSI/public/index.php/global-admin/estadisticas:520:17)
    at c (http://localhost/ITSI/public/sistema/assets/libs/jquery/dist/jquery.min.js:2:27742)
    at Object.fireWith [as resolveWith] (http://localhost/ITSI/public/sistema/assets/libs/jquery/dist/jquery.min.js:2:28487)
    at l (http://localhost/ITSI/public/sistema/assets/libs/jquery/dist/jquery.min.js:2:78795)
    at XMLHttpRequest.<anonymous> (http://localhost/ITSI/public/sistema/assets/libs/jquery/dist/jquery.min.js:2:81123)
[   97183ms] TypeError: window.chartActividad.destroy is not a function
    at actualizarGraficos (http://localhost/ITSI/public/index.php/global-admin/estadisticas:547:31)
    at Object.success (http://localhost/ITSI/public/index.php/global-admin/estadisticas:520:17)
    at c (http://localhost/ITSI/public/sistema/assets/libs/jquery/dist/jquery.min.js:2:27742)
    at Object.fireWith [as resolveWith] (http://localhost/ITSI/public/sistema/assets/libs/jquery/dist/jquery.min.js:2:28487)
    at l (http://localhost/ITSI/public/sistema/assets/libs/jquery/dist/jquery.min.js:2:78795)
    at XMLHttpRequest.<anonymous> (http://localhost/ITSI/public/sistema/assets/libs/jquery/dist/jquery.min.js:2:81123)
[   97299ms] TypeError: window.chartActividad.destroy is not a function
    at actualizarGraficos (http://localhost/ITSI/public/index.php/global-admin/estadisticas:547:31)
    at Object.success (http://localhost/ITSI/public/index.php/global-admin/estadisticas:520:17)
    at c (http://localhost/ITSI/public/sistema/assets/libs/jquery/dist/jquery.min.js:2:27742)
    at Object.fireWith [as resolveWith] (http://localhost/ITSI/public/sistema/assets/libs/jquery/dist/jquery.min.js:2:28487)
    at l (http://localhost/ITSI/public/sistema/assets/libs/jquery/dist/jquery.min.js:2:78795)
    at XMLHttpRequest.<anonymous> (http://localhost/ITSI/public/sistema/assets/libs/jquery/dist/jquery.min.js:2:81123)
[   97419ms] TypeError: window.chartActividad.destroy is not a function
    at actualizarGraficos (http://localhost/ITSI/public/index.php/global-admin/estadisticas:547:31)
    at Object.success (http://localhost/ITSI/public/index.php/global-admin/estadisticas:520:17)
    at c (http://localhost/ITSI/public/sistema/assets/libs/jquery/dist/jquery.min.js:2:27742)
    at Object.fireWith [as resolveWith] (http://localhost/ITSI/public/sistema/assets/libs/jquery/dist/jquery.min.js:2:28487)
    at l (http://localhost/ITSI/public/sistema/assets/libs/jquery/dist/jquery.min.js:2:78795)
    at XMLHttpRequest.<anonymous> (http://localhost/ITSI/public/sistema/assets/libs/jquery/dist/jquery.min.js:2:81123)
[   97547ms] TypeError: window.chartActividad.destroy is not a function
    at actualizarGraficos (http://localhost/ITSI/public/index.php/global-admin/estadisticas:547:31)
    at Object.success (http://localhost/ITSI/public/index.php/global-admin/estadisticas:520:17)
    at c (http://localhost/ITSI/public/sistema/assets/libs/jquery/dist/jquery.min.js:2:27742)
    at Object.fireWith [as resolveWith] (http://localhost/ITSI/public/sistema/assets/libs/jquery/dist/jquery.min.js:2:28487)
    at l (http://localhost/ITSI/public/sistema/assets/libs/jquery/dist/jquery.min.js:2:78795)
    at XMLHttpRequest.<anonymous> (http://localhost/ITSI/public/sistema/assets/libs/jquery/dist/jquery.min.js:2:81123)
[   97709ms] TypeError: window.chartActividad.destroy is not a function
    at actualizarGraficos (http://localhost/ITSI/public/index.php/global-admin/estadisticas:547:31)
    at Object.success (http://localhost/ITSI/public/index.php/global-admin/estadisticas:520:17)
    at c (http://localhost/ITSI/public/sistema/assets/libs/jquery/dist/jquery.min.js:2:27742)
    at Object.fireWith [as resolveWith] (http://localhost/ITSI/public/sistema/assets/libs/jquery/dist/jquery.min.js:2:28487)
    at l (http://localhost/ITSI/public/sistema/assets/libs/jquery/dist/jquery.min.js:2:78795)
    at XMLHttpRequest.<anonymous> (http://localhost/ITSI/public/sistema/assets/libs/jquery/dist/jquery.min.js:2:81123)
[   97867ms] TypeError: window.chartActividad.destroy is not a function
    at actualizarGraficos (http://localhost/ITSI/public/index.php/global-admin/estadisticas:547:31)
    at Object.success (http://localhost/ITSI/public/index.php/global-admin/estadisticas:520:17)
    at c (http://localhost/ITSI/public/sistema/assets/libs/jquery/dist/jquery.min.js:2:27742)
    at Object.fireWith [as resolveWith] (http://localhost/ITSI/public/sistema/assets/libs/jquery/dist/jquery.min.js:2:28487)
    at l (http://localhost/ITSI/public/sistema/assets/libs/jquery/dist/jquery.min.js:2:78795)
    at XMLHttpRequest.<anonymous> (http://localhost/ITSI/public/sistema/assets/libs/jquery/dist/jquery.min.js:2:81123)
[   98022ms] TypeError: window.chartActividad.destroy is not a function
    at actualizarGraficos (http://localhost/ITSI/public/index.php/global-admin/estadisticas:547:31)
    at Object.success (http://localhost/ITSI/public/index.php/global-admin/estadisticas:520:17)
    at c (http://localhost/ITSI/public/sistema/assets/libs/jquery/dist/jquery.min.js:2:27742)
    at Object.fireWith [as resolveWith] (http://localhost/ITSI/public/sistema/assets/libs/jquery/dist/jquery.min.js:2:28487)
    at l (http://localhost/ITSI/public/sistema/assets/libs/jquery/dist/jquery.min.js:2:78795)
    at XMLHttpRequest.<anonymous> (http://localhost/ITSI/public/sistema/assets/libs/jquery/dist/jquery.min.js:2:81123)
[   98151ms] TypeError: window.chartActividad.destroy is not a function
    at actualizarGraficos (http://localhost/ITSI/public/index.php/global-admin/estadisticas:547:31)
    at Object.success (http://localhost/ITSI/public/index.php/global-admin/estadisticas:520:17)
    at c (http://localhost/ITSI/public/sistema/assets/libs/jquery/dist/jquery.min.js:2:27742)
    at Object.fireWith [as resolveWith] (http://localhost/ITSI/public/sistema/assets/libs/jquery/dist/jquery.min.js:2:28487)
    at l (http://localhost/ITSI/public/sistema/assets/libs/jquery/dist/jquery.min.js:2:78795)
    at XMLHttpRequest.<anonymous> (http://localhost/ITSI/public/sistema/assets/libs/jquery/dist/jquery.min.js:2:81123)
[   98269ms] TypeError: window.chartActividad.destroy is not a function
    at actualizarGraficos (http://localhost/ITSI/public/index.php/global-admin/estadisticas:547:31)
    at Object.success (http://localhost/ITSI/public/index.php/global-admin/estadisticas:520:17)
    at c (http://localhost/ITSI/public/sistema/assets/libs/jquery/dist/jquery.min.js:2:27742)
    at Object.fireWith [as resolveWith] (http://localhost/ITSI/public/sistema/assets/libs/jquery/dist/jquery.min.js:2:28487)
    at l (http://localhost/ITSI/public/sistema/assets/libs/jquery/dist/jquery.min.js:2:78795)
    at XMLHttpRequest.<anonymous> (http://localhost/ITSI/public/sistema/assets/libs/jquery/dist/jquery.min.js:2:81123)
[   98426ms] TypeError: window.chartActividad.destroy is not a function
    at actualizarGraficos (http://localhost/ITSI/public/index.php/global-admin/estadisticas:547:31)
    at Object.success (http://localhost/ITSI/public/index.php/global-admin/estadisticas:520:17)
    at c (http://localhost/ITSI/public/sistema/assets/libs/jquery/dist/jquery.min.js:2:27742)
    at Object.fireWith [as resolveWith] (http://localhost/ITSI/public/sistema/assets/libs/jquery/dist/jquery.min.js:2:28487)
    at l (http://localhost/ITSI/public/sistema/assets/libs/jquery/dist/jquery.min.js:2:78795)
    at XMLHttpRequest.<anonymous> (http://localhost/ITSI/public/sistema/assets/libs/jquery/dist/jquery.min.js:2:81123)
[   98583ms] TypeError: window.chartActividad.destroy is not a function
    at actualizarGraficos (http://localhost/ITSI/public/index.php/global-admin/estadisticas:547:31)
    at Object.success (http://localhost/ITSI/public/index.php/global-admin/estadisticas:520:17)
    at c (http://localhost/ITSI/public/sistema/assets/libs/jquery/dist/jquery.min.js:2:27742)
    at Object.fireWith [as resolveWith] (http://localhost/ITSI/public/sistema/assets/libs/jquery/dist/jquery.min.js:2:28487)
    at l (http://localhost/ITSI/public/sistema/assets/libs/jquery/dist/jquery.min.js:2:78795)
    at XMLHttpRequest.<anonymous> (http://localhost/ITSI/public/sistema/assets/libs/jquery/dist/jquery.min.js:2:81123)
[   98709ms] TypeError: window.chartActividad.destroy is not a function
    at actualizarGraficos (http://localhost/ITSI/public/index.php/global-admin/estadisticas:547:31)
    at Object.success (http://localhost/ITSI/public/index.php/global-admin/estadisticas:520:17)
    at c (http://localhost/ITSI/public/sistema/assets/libs/jquery/dist/jquery.min.js:2:27742)
    at Object.fireWith [as resolveWith] (http://localhost/ITSI/public/sistema/assets/libs/jquery/dist/jquery.min.js:2:28487)
    at l (http://localhost/ITSI/public/sistema/assets/libs/jquery/dist/jquery.min.js:2:78795)
    at XMLHttpRequest.<anonymous> (http://localhost/ITSI/public/sistema/assets/libs/jquery/dist/jquery.min.js:2:81123)
[   98833ms] TypeError: window.chartActividad.destroy is not a function
    at actualizarGraficos (http://localhost/ITSI/public/index.php/global-admin/estadisticas:547:31)
    at Object.success (http://localhost/ITSI/public/index.php/global-admin/estadisticas:520:17)
    at c (http://localhost/ITSI/public/sistema/assets/libs/jquery/dist/jquery.min.js:2:27742)
    at Object.fireWith [as resolveWith] (http://localhost/ITSI/public/sistema/assets/libs/jquery/dist/jquery.min.js:2:28487)
    at l (http://localhost/ITSI/public/sistema/assets/libs/jquery/dist/jquery.min.js:2:78795)
    at XMLHttpRequest.<anonymous> (http://localhost/ITSI/public/sistema/assets/libs/jquery/dist/jquery.min.js:2:81123)
[   98961ms] TypeError: window.chartActividad.destroy is not a function
    at actualizarGraficos (http://localhost/ITSI/public/index.php/global-admin/estadisticas:547:31)
    at Object.success (http://localhost/ITSI/public/index.php/global-admin/estadisticas:520:17)
    at c (http://localhost/ITSI/public/sistema/assets/libs/jquery/dist/jquery.min.js:2:27742)
    at Object.fireWith [as resolveWith] (http://localhost/ITSI/public/sistema/assets/libs/jquery/dist/jquery.min.js:2:28487)
    at l (http://localhost/ITSI/public/sistema/assets/libs/jquery/dist/jquery.min.js:2:78795)
    at XMLHttpRequest.<anonymous> (http://localhost/ITSI/public/sistema/assets/libs/jquery/dist/jquery.min.js:2:81123)
[   99094ms] TypeError: window.chartActividad.destroy is not a function
    at actualizarGraficos (http://localhost/ITSI/public/index.php/global-admin/estadisticas:547:31)
    at Object.success (http://localhost/ITSI/public/index.php/global-admin/estadisticas:520:17)
    at c (http://localhost/ITSI/public/sistema/assets/libs/jquery/dist/jquery.min.js:2:27742)
    at Object.fireWith [as resolveWith] (http://localhost/ITSI/public/sistema/assets/libs/jquery/dist/jquery.min.js:2:28487)
    at l (http://localhost/ITSI/public/sistema/assets/libs/jquery/dist/jquery.min.js:2:78795)
    at XMLHttpRequest.<anonymous> (http://localhost/ITSI/public/sistema/assets/libs/jquery/dist/jquery.min.js:2:81123)
[   99217ms] TypeError: window.chartActividad.destroy is not a function
    at actualizarGraficos (http://localhost/ITSI/public/index.php/global-admin/estadisticas:547:31)
    at Object.success (http://localhost/ITSI/public/index.php/global-admin/estadisticas:520:17)
    at c (http://localhost/ITSI/public/sistema/assets/libs/jquery/dist/jquery.min.js:2:27742)
    at Object.fireWith [as resolveWith] (http://localhost/ITSI/public/sistema/assets/libs/jquery/dist/jquery.min.js:2:28487)
    at l (http://localhost/ITSI/public/sistema/assets/libs/jquery/dist/jquery.min.js:2:78795)
    at XMLHttpRequest.<anonymous> (http://localhost/ITSI/public/sistema/assets/libs/jquery/dist/jquery.min.js:2:81123)
[   99341ms] TypeError: window.chartActividad.destroy is not a function
    at actualizarGraficos (http://localhost/ITSI/public/index.php/global-admin/estadisticas:547:31)
    at Object.success (http://localhost/ITSI/public/index.php/global-admin/estadisticas:520:17)
    at c (http://localhost/ITSI/public/sistema/assets/libs/jquery/dist/jquery.min.js:2:27742)
    at Object.fireWith [as resolveWith] (http://localhost/ITSI/public/sistema/assets/libs/jquery/dist/jquery.min.js:2:28487)
    at l (http://localhost/ITSI/public/sistema/assets/libs/jquery/dist/jquery.min.js:2:78795)
    at XMLHttpRequest.<anonymous> (http://localhost/ITSI/public/sistema/assets/libs/jquery/dist/jquery.min.js:2:81123)
[   99465ms] TypeError: window.chartActividad.destroy is not a function
    at actualizarGraficos (http://localhost/ITSI/public/index.php/global-admin/estadisticas:547:31)
    at Object.success (http://localhost/ITSI/public/index.php/global-admin/estadisticas:520:17)
    at c (http://localhost/ITSI/public/sistema/assets/libs/jquery/dist/jquery.min.js:2:27742)
    at Object.fireWith [as resolveWith] (http://localhost/ITSI/public/sistema/assets/libs/jquery/dist/jquery.min.js:2:28487)
    at l (http://localhost/ITSI/public/sistema/assets/libs/jquery/dist/jquery.min.js:2:78795)
    at XMLHttpRequest.<anonymous> (http://localhost/ITSI/public/sistema/assets/libs/jquery/dist/jquery.min.js:2:81123)
[   99601ms] TypeError: window.chartActividad.destroy is not a function
    at actualizarGraficos (http://localhost/ITSI/public/index.php/global-admin/estadisticas:547:31)
    at Object.success (http://localhost/ITSI/public/index.php/global-admin/estadisticas:520:17)
    at c (http://localhost/ITSI/public/sistema/assets/libs/jquery/dist/jquery.min.js:2:27742)
    at Object.fireWith [as resolveWith] (http://localhost/ITSI/public/sistema/assets/libs/jquery/dist/jquery.min.js:2:28487)
    at l (http://localhost/ITSI/public/sistema/assets/libs/jquery/dist/jquery.min.js:2:78795)
    at XMLHttpRequest.<anonymous> (http://localhost/ITSI/public/sistema/assets/libs/jquery/dist/jquery.min.js:2:81123)
[   99732ms] TypeError: window.chartActividad.destroy is not a function
    at actualizarGraficos (http://localhost/ITSI/public/index.php/global-admin/estadisticas:547:31)
    at Object.success (http://localhost/ITSI/public/index.php/global-admin/estadisticas:520:17)
    at c (http://localhost/ITSI/public/sistema/assets/libs/jquery/dist/jquery.min.js:2:27742)
    at Object.fireWith [as resolveWith] (http://localhost/ITSI/public/sistema/assets/libs/jquery/dist/jquery.min.js:2:28487)
    at l (http://localhost/ITSI/public/sistema/assets/libs/jquery/dist/jquery.min.js:2:78795)
    at XMLHttpRequest.<anonymous> (http://localhost/ITSI/public/sistema/assets/libs/jquery/dist/jquery.min.js:2:81123)
[   99870ms] TypeError: window.chartActividad.destroy is not a function
    at actualizarGraficos (http://localhost/ITSI/public/index.php/global-admin/estadisticas:547:31)
    at Object.success (http://localhost/ITSI/public/index.php/global-admin/estadisticas:520:17)
    at c (http://localhost/ITSI/public/sistema/assets/libs/jquery/dist/jquery.min.js:2:27742)
    at Object.fireWith [as resolveWith] (http://localhost/ITSI/public/sistema/assets/libs/jquery/dist/jquery.min.js:2:28487)
    at l (http://localhost/ITSI/public/sistema/assets/libs/jquery/dist/jquery.min.js:2:78795)
    at XMLHttpRequest.<anonymous> (http://localhost/ITSI/public/sistema/assets/libs/jquery/dist/jquery.min.js:2:81123)
[   99997ms] TypeError: window.chartActividad.destroy is not a function
    at actualizarGraficos (http://localhost/ITSI/public/index.php/global-admin/estadisticas:547:31)
    at Object.success (http://localhost/ITSI/public/index.php/global-admin/estadisticas:520:17)
    at c (http://localhost/ITSI/public/sistema/assets/libs/jquery/dist/jquery.min.js:2:27742)
    at Object.fireWith [as resolveWith] (http://localhost/ITSI/public/sistema/assets/libs/jquery/dist/jquery.min.js:2:28487)
    at l (http://localhost/ITSI/public/sistema/assets/libs/jquery/dist/jquery.min.js:2:78795)
    at XMLHttpRequest.<anonymous> (http://localhost/ITSI/public/sistema/assets/libs/jquery/dist/jquery.min.js:2:81123)
[  100144ms] TypeError: window.chartActividad.destroy is not a function
    at actualizarGraficos (http://localhost/ITSI/public/index.php/global-admin/estadisticas:547:31)
    at Object.success (http://localhost/ITSI/public/index.php/global-admin/estadisticas:520:17)
    at c (http://localhost/ITSI/public/sistema/assets/libs/jquery/dist/jquery.min.js:2:27742)
    at Object.fireWith [as resolveWith] (http://localhost/ITSI/public/sistema/assets/libs/jquery/dist/jquery.min.js:2:28487)
    at l (http://localhost/ITSI/public/sistema/assets/libs/jquery/dist/jquery.min.js:2:78795)
    at XMLHttpRequest.<anonymous> (http://localhost/ITSI/public/sistema/assets/libs/jquery/dist/jquery.min.js:2:81123)
[  100311ms] TypeError: window.chartActividad.destroy is not a function
    at actualizarGraficos (http://localhost/ITSI/public/index.php/global-admin/estadisticas:547:31)
    at Object.success (http://localhost/ITSI/public/index.php/global-admin/estadisticas:520:17)
    at c (http://localhost/ITSI/public/sistema/assets/libs/jquery/dist/jquery.min.js:2:27742)
    at Object.fireWith [as resolveWith] (http://localhost/ITSI/public/sistema/assets/libs/jquery/dist/jquery.min.js:2:28487)
    at l (http://localhost/ITSI/public/sistema/assets/libs/jquery/dist/jquery.min.js:2:78795)
    at XMLHttpRequest.<anonymous> (http://localhost/ITSI/public/sistema/assets/libs/jquery/dist/jquery.min.js:2:81123)
[  100435ms] TypeError: window.chartActividad.destroy is not a function
    at actualizarGraficos (http://localhost/ITSI/public/index.php/global-admin/estadisticas:547:31)
    at Object.success (http://localhost/ITSI/public/index.php/global-admin/estadisticas:520:17)
    at c (http://localhost/ITSI/public/sistema/assets/libs/jquery/dist/jquery.min.js:2:27742)
    at Object.fireWith [as resolveWith] (http://localhost/ITSI/public/sistema/assets/libs/jquery/dist/jquery.min.js:2:28487)
    at l (http://localhost/ITSI/public/sistema/assets/libs/jquery/dist/jquery.min.js:2:78795)
    at XMLHttpRequest.<anonymous> (http://localhost/ITSI/public/sistema/assets/libs/jquery/dist/jquery.min.js:2:81123)
[  100585ms] TypeError: window.chartActividad.destroy is not a function
    at actualizarGraficos (http://localhost/ITSI/public/index.php/global-admin/estadisticas:547:31)
    at Object.success (http://localhost/ITSI/public/index.php/global-admin/estadisticas:520:17)
    at c (http://localhost/ITSI/public/sistema/assets/libs/jquery/dist/jquery.min.js:2:27742)
    at Object.fireWith [as resolveWith] (http://localhost/ITSI/public/sistema/assets/libs/jquery/dist/jquery.min.js:2:28487)
    at l (http://localhost/ITSI/public/sistema/assets/libs/jquery/dist/jquery.min.js:2:78795)
    at XMLHttpRequest.<anonymous> (http://localhost/ITSI/public/sistema/assets/libs/jquery/dist/jquery.min.js:2:81123)
[  100723ms] TypeError: window.chartActividad.destroy is not a function
    at actualizarGraficos (http://localhost/ITSI/public/index.php/global-admin/estadisticas:547:31)
    at Object.success (http://localhost/ITSI/public/index.php/global-admin/estadisticas:520:17)
    at c (http://localhost/ITSI/public/sistema/assets/libs/jquery/dist/jquery.min.js:2:27742)
    at Object.fireWith [as resolveWith] (http://localhost/ITSI/public/sistema/assets/libs/jquery/dist/jquery.min.js:2:28487)
    at l (http://localhost/ITSI/public/sistema/assets/libs/jquery/dist/jquery.min.js:2:78795)
    at XMLHttpRequest.<anonymous> (http://localhost/ITSI/public/sistema/assets/libs/jquery/dist/jquery.min.js:2:81123)
[  100858ms] TypeError: window.chartActividad.destroy is not a function
    at actualizarGraficos (http://localhost/ITSI/public/index.php/global-admin/estadisticas:547:31)
    at Object.success (http://localhost/ITSI/public/index.php/global-admin/estadisticas:520:17)
    at c (http://localhost/ITSI/public/sistema/assets/libs/jquery/dist/jquery.min.js:2:27742)
    at Object.fireWith [as resolveWith] (http://localhost/ITSI/public/sistema/assets/libs/jquery/dist/jquery.min.js:2:28487)
    at l (http://localhost/ITSI/public/sistema/assets/libs/jquery/dist/jquery.min.js:2:78795)
    at XMLHttpRequest.<anonymous> (http://localhost/ITSI/public/sistema/assets/libs/jquery/dist/jquery.min.js:2:81123)
[  100975ms] TypeError: window.chartActividad.destroy is not a function
    at actualizarGraficos (http://localhost/ITSI/public/index.php/global-admin/estadisticas:547:31)
    at Object.success (http://localhost/ITSI/public/index.php/global-admin/estadisticas:520:17)
    at c (http://localhost/ITSI/public/sistema/assets/libs/jquery/dist/jquery.min.js:2:27742)
    at Object.fireWith [as resolveWith] (http://localhost/ITSI/public/sistema/assets/libs/jquery/dist/jquery.min.js:2:28487)
    at l (http://localhost/ITSI/public/sistema/assets/libs/jquery/dist/jquery.min.js:2:78795)
    at XMLHttpRequest.<anonymous> (http://localhost/ITSI/public/sistema/assets/libs/jquery/dist/jquery.min.js:2:81123)
[  101103ms] TypeError: window.chartActividad.destroy is not a function
    at actualizarGraficos (http://localhost/ITSI/public/index.php/global-admin/estadisticas:547:31)
    at Object.success (http://localhost/ITSI/public/index.php/global-admin/estadisticas:520:17)
    at c (http://localhost/ITSI/public/sistema/assets/libs/jquery/dist/jquery.min.js:2:27742)
    at Object.fireWith [as resolveWith] (http://localhost/ITSI/public/sistema/assets/libs/jquery/dist/jquery.min.js:2:28487)
    at l (http://localhost/ITSI/public/sistema/assets/libs/jquery/dist/jquery.min.js:2:78795)
    at XMLHttpRequest.<anonymous> (http://localhost/ITSI/public/sistema/assets/libs/jquery/dist/jquery.min.js:2:81123)
[  101228ms] TypeError: window.chartActividad.destroy is not a function
    at actualizarGraficos (http://localhost/ITSI/public/index.php/global-admin/estadisticas:547:31)
    at Object.success (http://localhost/ITSI/public/index.php/global-admin/estadisticas:520:17)
    at c (http://localhost/ITSI/public/sistema/assets/libs/jquery/dist/jquery.min.js:2:27742)
    at Object.fireWith [as resolveWith] (http://localhost/ITSI/public/sistema/assets/libs/jquery/dist/jquery.min.js:2:28487)
    at l (http://localhost/ITSI/public/sistema/assets/libs/jquery/dist/jquery.min.js:2:78795)
    at XMLHttpRequest.<anonymous> (http://localhost/ITSI/public/sistema/assets/libs/jquery/dist/jquery.min.js:2:81123)
[  101360ms] TypeError: window.chartActividad.destroy is not a function
    at actualizarGraficos (http://localhost/ITSI/public/index.php/global-admin/estadisticas:547:31)
    at Object.success (http://localhost/ITSI/public/index.php/global-admin/estadisticas:520:17)
    at c (http://localhost/ITSI/public/sistema/assets/libs/jquery/dist/jquery.min.js:2:27742)
    at Object.fireWith [as resolveWith] (http://localhost/ITSI/public/sistema/assets/libs/jquery/dist/jquery.min.js:2:28487)
    at l (http://localhost/ITSI/public/sistema/assets/libs/jquery/dist/jquery.min.js:2:78795)
    at XMLHttpRequest.<anonymous> (http://localhost/ITSI/public/sistema/assets/libs/jquery/dist/jquery.min.js:2:81123)
[  101490ms] TypeError: window.chartActividad.destroy is not a function
    at actualizarGraficos (http://localhost/ITSI/public/index.php/global-admin/estadisticas:547:31)
    at Object.success (http://localhost/ITSI/public/index.php/global-admin/estadisticas:520:17)
    at c (http://localhost/ITSI/public/sistema/assets/libs/jquery/dist/jquery.min.js:2:27742)
    at Object.fireWith [as resolveWith] (http://localhost/ITSI/public/sistema/assets/libs/jquery/dist/jquery.min.js:2:28487)
    at l (http://localhost/ITSI/public/sistema/assets/libs/jquery/dist/jquery.min.js:2:78795)
    at XMLHttpRequest.<anonymous> (http://localhost/ITSI/public/sistema/assets/libs/jquery/dist/jquery.min.js:2:81123)
[  101626ms] TypeError: window.chartActividad.destroy is not a function
    at actualizarGraficos (http://localhost/ITSI/public/index.php/global-admin/estadisticas:547:31)
    at Object.success (http://localhost/ITSI/public/index.php/global-admin/estadisticas:520:17)
    at c (http://localhost/ITSI/public/sistema/assets/libs/jquery/dist/jquery.min.js:2:27742)
    at Object.fireWith [as resolveWith] (http://localhost/ITSI/public/sistema/assets/libs/jquery/dist/jquery.min.js:2:28487)
    at l (http://localhost/ITSI/public/sistema/assets/libs/jquery/dist/jquery.min.js:2:78795)
    at XMLHttpRequest.<anonymous> (http://localhost/ITSI/public/sistema/assets/libs/jquery/dist/jquery.min.js:2:81123)
[  101780ms] TypeError: window.chartActividad.destroy is not a function
    at actualizarGraficos (http://localhost/ITSI/public/index.php/global-admin/estadisticas:547:31)
    at Object.success (http://localhost/ITSI/public/index.php/global-admin/estadisticas:520:17)
    at c (http://localhost/ITSI/public/sistema/assets/libs/jquery/dist/jquery.min.js:2:27742)
    at Object.fireWith [as resolveWith] (http://localhost/ITSI/public/sistema/assets/libs/jquery/dist/jquery.min.js:2:28487)
    at l (http://localhost/ITSI/public/sistema/assets/libs/jquery/dist/jquery.min.js:2:78795)
    at XMLHttpRequest.<anonymous> (http://localhost/ITSI/public/sistema/assets/libs/jquery/dist/jquery.min.js:2:81123)
[  101899ms] TypeError: window.chartActividad.destroy is not a function
    at actualizarGraficos (http://localhost/ITSI/public/index.php/global-admin/estadisticas:547:31)
    at Object.success (http://localhost/ITSI/public/index.php/global-admin/estadisticas:520:17)
    at c (http://localhost/ITSI/public/sistema/assets/libs/jquery/dist/jquery.min.js:2:27742)
    at Object.fireWith [as resolveWith] (http://localhost/ITSI/public/sistema/assets/libs/jquery/dist/jquery.min.js:2:28487)
    at l (http://localhost/ITSI/public/sistema/assets/libs/jquery/dist/jquery.min.js:2:78795)
    at XMLHttpRequest.<anonymous> (http://localhost/ITSI/public/sistema/assets/libs/jquery/dist/jquery.min.js:2:81123)
[  102076ms] TypeError: window.chartActividad.destroy is not a function
    at actualizarGraficos (http://localhost/ITSI/public/index.php/global-admin/estadisticas:547:31)
    at Object.success (http://localhost/ITSI/public/index.php/global-admin/estadisticas:520:17)
    at c (http://localhost/ITSI/public/sistema/assets/libs/jquery/dist/jquery.min.js:2:27742)
    at Object.fireWith [as resolveWith] (http://localhost/ITSI/public/sistema/assets/libs/jquery/dist/jquery.min.js:2:28487)
    at l (http://localhost/ITSI/public/sistema/assets/libs/jquery/dist/jquery.min.js:2:78795)
    at XMLHttpRequest.<anonymous> (http://localhost/ITSI/public/sistema/assets/libs/jquery/dist/jquery.min.js:2:81123)
[  102202ms] TypeError: window.chartActividad.destroy is not a function
    at actualizarGraficos (http://localhost/ITSI/public/index.php/global-admin/estadisticas:547:31)
    at Object.success (http://localhost/ITSI/public/index.php/global-admin/estadisticas:520:17)
    at c (http://localhost/ITSI/public/sistema/assets/libs/jquery/dist/jquery.min.js:2:27742)
    at Object.fireWith [as resolveWith] (http://localhost/ITSI/public/sistema/assets/libs/jquery/dist/jquery.min.js:2:28487)
    at l (http://localhost/ITSI/public/sistema/assets/libs/jquery/dist/jquery.min.js:2:78795)
    at XMLHttpRequest.<anonymous> (http://localhost/ITSI/public/sistema/assets/libs/jquery/dist/jquery.min.js:2:81123)
[  102330ms] TypeError: window.chartActividad.destroy is not a function
    at actualizarGraficos (http://localhost/ITSI/public/index.php/global-admin/estadisticas:547:31)
    at Object.success (http://localhost/ITSI/public/index.php/global-admin/estadisticas:520:17)
    at c (http://localhost/ITSI/public/sistema/assets/libs/jquery/dist/jquery.min.js:2:27742)
    at Object.fireWith [as resolveWith] (http://localhost/ITSI/public/sistema/assets/libs/jquery/dist/jquery.min.js:2:28487)
    at l (http://localhost/ITSI/public/sistema/assets/libs/jquery/dist/jquery.min.js:2:78795)
    at XMLHttpRequest.<anonymous> (http://localhost/ITSI/public/sistema/assets/libs/jquery/dist/jquery.min.js:2:81123)
[  102460ms] TypeError: window.chartActividad.destroy is not a function
    at actualizarGraficos (http://localhost/ITSI/public/index.php/global-admin/estadisticas:547:31)
    at Object.success (http://localhost/ITSI/public/index.php/global-admin/estadisticas:520:17)
    at c (http://localhost/ITSI/public/sistema/assets/libs/jquery/dist/jquery.min.js:2:27742)
    at Object.fireWith [as resolveWith] (http://localhost/ITSI/public/sistema/assets/libs/jquery/dist/jquery.min.js:2:28487)
    at l (http://localhost/ITSI/public/sistema/assets/libs/jquery/dist/jquery.min.js:2:78795)
    at XMLHttpRequest.<anonymous> (http://localhost/ITSI/public/sistema/assets/libs/jquery/dist/jquery.min.js:2:81123)
[  102579ms] TypeError: window.chartActividad.destroy is not a function
    at actualizarGraficos (http://localhost/ITSI/public/index.php/global-admin/estadisticas:547:31)
    at Object.success (http://localhost/ITSI/public/index.php/global-admin/estadisticas:520:17)
    at c (http://localhost/ITSI/public/sistema/assets/libs/jquery/dist/jquery.min.js:2:27742)
    at Object.fireWith [as resolveWith] (http://localhost/ITSI/public/sistema/assets/libs/jquery/dist/jquery.min.js:2:28487)
    at l (http://localhost/ITSI/public/sistema/assets/libs/jquery/dist/jquery.min.js:2:78795)
    at XMLHttpRequest.<anonymous> (http://localhost/ITSI/public/sistema/assets/libs/jquery/dist/jquery.min.js:2:81123)
[  102705ms] TypeError: window.chartActividad.destroy is not a function
    at actualizarGraficos (http://localhost/ITSI/public/index.php/global-admin/estadisticas:547:31)
    at Object.success (http://localhost/ITSI/public/index.php/global-admin/estadisticas:520:17)
    at c (http://localhost/ITSI/public/sistema/assets/libs/jquery/dist/jquery.min.js:2:27742)
    at Object.fireWith [as resolveWith] (http://localhost/ITSI/public/sistema/assets/libs/jquery/dist/jquery.min.js:2:28487)
    at l (http://localhost/ITSI/public/sistema/assets/libs/jquery/dist/jquery.min.js:2:78795)
    at XMLHttpRequest.<anonymous> (http://localhost/ITSI/public/sistema/assets/libs/jquery/dist/jquery.min.js:2:81123)
[  102830ms] TypeError: window.chartActividad.destroy is not a function
    at actualizarGraficos (http://localhost/ITSI/public/index.php/global-admin/estadisticas:547:31)
    at Object.success (http://localhost/ITSI/public/index.php/global-admin/estadisticas:520:17)
    at c (http://localhost/ITSI/public/sistema/assets/libs/jquery/dist/jquery.min.js:2:27742)
    at Object.fireWith [as resolveWith] (http://localhost/ITSI/public/sistema/assets/libs/jquery/dist/jquery.min.js:2:28487)
    at l (http://localhost/ITSI/public/sistema/assets/libs/jquery/dist/jquery.min.js:2:78795)
    at XMLHttpRequest.<anonymous> (http://localhost/ITSI/public/sistema/assets/libs/jquery/dist/jquery.min.js:2:81123)
[  102956ms] TypeError: window.chartActividad.destroy is not a function
    at actualizarGraficos (http://localhost/ITSI/public/index.php/global-admin/estadisticas:547:31)
    at Object.success (http://localhost/ITSI/public/index.php/global-admin/estadisticas:520:17)
    at c (http://localhost/ITSI/public/sistema/assets/libs/jquery/dist/jquery.min.js:2:27742)
    at Object.fireWith [as resolveWith] (http://localhost/ITSI/public/sistema/assets/libs/jquery/dist/jquery.min.js:2:28487)
    at l (http://localhost/ITSI/public/sistema/assets/libs/jquery/dist/jquery.min.js:2:78795)
    at XMLHttpRequest.<anonymous> (http://localhost/ITSI/public/sistema/assets/libs/jquery/dist/jquery.min.js:2:81123)
[  103097ms] TypeError: window.chartActividad.destroy is not a function
    at actualizarGraficos (http://localhost/ITSI/public/index.php/global-admin/estadisticas:547:31)
    at Object.success (http://localhost/ITSI/public/index.php/global-admin/estadisticas:520:17)
    at c (http://localhost/ITSI/public/sistema/assets/libs/jquery/dist/jquery.min.js:2:27742)
    at Object.fireWith [as resolveWith] (http://localhost/ITSI/public/sistema/assets/libs/jquery/dist/jquery.min.js:2:28487)
    at l (http://localhost/ITSI/public/sistema/assets/libs/jquery/dist/jquery.min.js:2:78795)
    at XMLHttpRequest.<anonymous> (http://localhost/ITSI/public/sistema/assets/libs/jquery/dist/jquery.min.js:2:81123)
[  103249ms] TypeError: window.chartActividad.destroy is not a function
    at actualizarGraficos (http://localhost/ITSI/public/index.php/global-admin/estadisticas:547:31)
    at Object.success (http://localhost/ITSI/public/index.php/global-admin/estadisticas:520:17)
    at c (http://localhost/ITSI/public/sistema/assets/libs/jquery/dist/jquery.min.js:2:27742)
    at Object.fireWith [as resolveWith] (http://localhost/ITSI/public/sistema/assets/libs/jquery/dist/jquery.min.js:2:28487)
    at l (http://localhost/ITSI/public/sistema/assets/libs/jquery/dist/jquery.min.js:2:78795)
    at XMLHttpRequest.<anonymous> (http://localhost/ITSI/public/sistema/assets/libs/jquery/dist/jquery.min.js:2:81123)
[  103406ms] TypeError: window.chartActividad.destroy is not a function
    at actualizarGraficos (http://localhost/ITSI/public/index.php/global-admin/estadisticas:547:31)
    at Object.success (http://localhost/ITSI/public/index.php/global-admin/estadisticas:520:17)
    at c (http://localhost/ITSI/public/sistema/assets/libs/jquery/dist/jquery.min.js:2:27742)
    at Object.fireWith [as resolveWith] (http://localhost/ITSI/public/sistema/assets/libs/jquery/dist/jquery.min.js:2:28487)
    at l (http://localhost/ITSI/public/sistema/assets/libs/jquery/dist/jquery.min.js:2:78795)
    at XMLHttpRequest.<anonymous> (http://localhost/ITSI/public/sistema/assets/libs/jquery/dist/jquery.min.js:2:81123)
[  103518ms] TypeError: window.chartActividad.destroy is not a function
    at actualizarGraficos (http://localhost/ITSI/public/index.php/global-admin/estadisticas:547:31)
    at Object.success (http://localhost/ITSI/public/index.php/global-admin/estadisticas:520:17)
    at c (http://localhost/ITSI/public/sistema/assets/libs/jquery/dist/jquery.min.js:2:27742)
    at Object.fireWith [as resolveWith] (http://localhost/ITSI/public/sistema/assets/libs/jquery/dist/jquery.min.js:2:28487)
    at l (http://localhost/ITSI/public/sistema/assets/libs/jquery/dist/jquery.min.js:2:78795)
    at XMLHttpRequest.<anonymous> (http://localhost/ITSI/public/sistema/assets/libs/jquery/dist/jquery.min.js:2:81123)
[  103631ms] TypeError: window.chartActividad.destroy is not a function
    at actualizarGraficos (http://localhost/ITSI/public/index.php/global-admin/estadisticas:547:31)
    at Object.success (http://localhost/ITSI/public/index.php/global-admin/estadisticas:520:17)
    at c (http://localhost/ITSI/public/sistema/assets/libs/jquery/dist/jquery.min.js:2:27742)
    at Object.fireWith [as resolveWith] (http://localhost/ITSI/public/sistema/assets/libs/jquery/dist/jquery.min.js:2:28487)
    at l (http://localhost/ITSI/public/sistema/assets/libs/jquery/dist/jquery.min.js:2:78795)
    at XMLHttpRequest.<anonymous> (http://localhost/ITSI/public/sistema/assets/libs/jquery/dist/jquery.min.js:2:81123)
[  103742ms] TypeError: window.chartActividad.destroy is not a function
    at actualizarGraficos (http://localhost/ITSI/public/index.php/global-admin/estadisticas:547:31)
    at Object.success (http://localhost/ITSI/public/index.php/global-admin/estadisticas:520:17)
    at c (http://localhost/ITSI/public/sistema/assets/libs/jquery/dist/jquery.min.js:2:27742)
    at Object.fireWith [as resolveWith] (http://localhost/ITSI/public/sistema/assets/libs/jquery/dist/jquery.min.js:2:28487)
    at l (http://localhost/ITSI/public/sistema/assets/libs/jquery/dist/jquery.min.js:2:78795)
    at XMLHttpRequest.<anonymous> (http://localhost/ITSI/public/sistema/assets/libs/jquery/dist/jquery.min.js:2:81123)
[  103860ms] TypeError: window.chartActividad.destroy is not a function
    at actualizarGraficos (http://localhost/ITSI/public/index.php/global-admin/estadisticas:547:31)
    at Object.success (http://localhost/ITSI/public/index.php/global-admin/estadisticas:520:17)
    at c (http://localhost/ITSI/public/sistema/assets/libs/jquery/dist/jquery.min.js:2:27742)
    at Object.fireWith [as resolveWith] (http://localhost/ITSI/public/sistema/assets/libs/jquery/dist/jquery.min.js:2:28487)
    at l (http://localhost/ITSI/public/sistema/assets/libs/jquery/dist/jquery.min.js:2:78795)
    at XMLHttpRequest.<anonymous> (http://localhost/ITSI/public/sistema/assets/libs/jquery/dist/jquery.min.js:2:81123)
[  103977ms] TypeError: window.chartActividad.destroy is not a function
    at actualizarGraficos (http://localhost/ITSI/public/index.php/global-admin/estadisticas:547:31)
    at Object.success (http://localhost/ITSI/public/index.php/global-admin/estadisticas:520:17)
    at c (http://localhost/ITSI/public/sistema/assets/libs/jquery/dist/jquery.min.js:2:27742)
    at Object.fireWith [as resolveWith] (http://localhost/ITSI/public/sistema/assets/libs/jquery/dist/jquery.min.js:2:28487)
    at l (http://localhost/ITSI/public/sistema/assets/libs/jquery/dist/jquery.min.js:2:78795)
    at XMLHttpRequest.<anonymous> (http://localhost/ITSI/public/sistema/assets/libs/jquery/dist/jquery.min.js:2:81123)
[  104103ms] TypeError: window.chartActividad.destroy is not a function
    at actualizarGraficos (http://localhost/ITSI/public/index.php/global-admin/estadisticas:547:31)
    at Object.success (http://localhost/ITSI/public/index.php/global-admin/estadisticas:520:17)
    at c (http://localhost/ITSI/public/sistema/assets/libs/jquery/dist/jquery.min.js:2:27742)
    at Object.fireWith [as resolveWith] (http://localhost/ITSI/public/sistema/assets/libs/jquery/dist/jquery.min.js:2:28487)
    at l (http://localhost/ITSI/public/sistema/assets/libs/jquery/dist/jquery.min.js:2:78795)
    at XMLHttpRequest.<anonymous> (http://localhost/ITSI/public/sistema/assets/libs/jquery/dist/jquery.min.js:2:81123)
[  104216ms] TypeError: window.chartActividad.destroy is not a function
    at actualizarGraficos (http://localhost/ITSI/public/index.php/global-admin/estadisticas:547:31)
    at Object.success (http://localhost/ITSI/public/index.php/global-admin/estadisticas:520:17)
    at c (http://localhost/ITSI/public/sistema/assets/libs/jquery/dist/jquery.min.js:2:27742)
    at Object.fireWith [as resolveWith] (http://localhost/ITSI/public/sistema/assets/libs/jquery/dist/jquery.min.js:2:28487)
    at l (http://localhost/ITSI/public/sistema/assets/libs/jquery/dist/jquery.min.js:2:78795)
    at XMLHttpRequest.<anonymous> (http://localhost/ITSI/public/sistema/assets/libs/jquery/dist/jquery.min.js:2:81123)
[  104331ms] TypeError: window.chartActividad.destroy is not a function
    at actualizarGraficos (http://localhost/ITSI/public/index.php/global-admin/estadisticas:547:31)
    at Object.success (http://localhost/ITSI/public/index.php/global-admin/estadisticas:520:17)
    at c (http://localhost/ITSI/public/sistema/assets/libs/jquery/dist/jquery.min.js:2:27742)
    at Object.fireWith [as resolveWith] (http://localhost/ITSI/public/sistema/assets/libs/jquery/dist/jquery.min.js:2:28487)
    at l (http://localhost/ITSI/public/sistema/assets/libs/jquery/dist/jquery.min.js:2:78795)
    at XMLHttpRequest.<anonymous> (http://localhost/ITSI/public/sistema/assets/libs/jquery/dist/jquery.min.js:2:81123)
[  104446ms] TypeError: window.chartActividad.destroy is not a function
    at actualizarGraficos (http://localhost/ITSI/public/index.php/global-admin/estadisticas:547:31)
    at Object.success (http://localhost/ITSI/public/index.php/global-admin/estadisticas:520:17)
    at c (http://localhost/ITSI/public/sistema/assets/libs/jquery/dist/jquery.min.js:2:27742)
    at Object.fireWith [as resolveWith] (http://localhost/ITSI/public/sistema/assets/libs/jquery/dist/jquery.min.js:2:28487)
    at l (http://localhost/ITSI/public/sistema/assets/libs/jquery/dist/jquery.min.js:2:78795)
    at XMLHttpRequest.<anonymous> (http://localhost/ITSI/public/sistema/assets/libs/jquery/dist/jquery.min.js:2:81123)
[  104559ms] TypeError: window.chartActividad.destroy is not a function
    at actualizarGraficos (http://localhost/ITSI/public/index.php/global-admin/estadisticas:547:31)
    at Object.success (http://localhost/ITSI/public/index.php/global-admin/estadisticas:520:17)
    at c (http://localhost/ITSI/public/sistema/assets/libs/jquery/dist/jquery.min.js:2:27742)
    at Object.fireWith [as resolveWith] (http://localhost/ITSI/public/sistema/assets/libs/jquery/dist/jquery.min.js:2:28487)
    at l (http://localhost/ITSI/public/sistema/assets/libs/jquery/dist/jquery.min.js:2:78795)
    at XMLHttpRequest.<anonymous> (http://localhost/ITSI/public/sistema/assets/libs/jquery/dist/jquery.min.js:2:81123)
[  104678ms] TypeError: window.chartActividad.destroy is not a function
    at actualizarGraficos (http://localhost/ITSI/public/index.php/global-admin/estadisticas:547:31)
    at Object.success (http://localhost/ITSI/public/index.php/global-admin/estadisticas:520:17)
    at c (http://localhost/ITSI/public/sistema/assets/libs/jquery/dist/jquery.min.js:2:27742)
    at Object.fireWith [as resolveWith] (http://localhost/ITSI/public/sistema/assets/libs/jquery/dist/jquery.min.js:2:28487)
    at l (http://localhost/ITSI/public/sistema/assets/libs/jquery/dist/jquery.min.js:2:78795)
    at XMLHttpRequest.<anonymous> (http://localhost/ITSI/public/sistema/assets/libs/jquery/dist/jquery.min.js:2:81123)
[  104787ms] TypeError: window.chartActividad.destroy is not a function
    at actualizarGraficos (http://localhost/ITSI/public/index.php/global-admin/estadisticas:547:31)
    at Object.success (http://localhost/ITSI/public/index.php/global-admin/estadisticas:520:17)
    at c (http://localhost/ITSI/public/sistema/assets/libs/jquery/dist/jquery.min.js:2:27742)
    at Object.fireWith [as resolveWith] (http://localhost/ITSI/public/sistema/assets/libs/jquery/dist/jquery.min.js:2:28487)
    at l (http://localhost/ITSI/public/sistema/assets/libs/jquery/dist/jquery.min.js:2:78795)
    at XMLHttpRequest.<anonymous> (http://localhost/ITSI/public/sistema/assets/libs/jquery/dist/jquery.min.js:2:81123)
[  104902ms] TypeError: window.chartActividad.destroy is not a function
    at actualizarGraficos (http://localhost/ITSI/public/index.php/global-admin/estadisticas:547:31)
    at Object.success (http://localhost/ITSI/public/index.php/global-admin/estadisticas:520:17)
    at c (http://localhost/ITSI/public/sistema/assets/libs/jquery/dist/jquery.min.js:2:27742)
    at Object.fireWith [as resolveWith] (http://localhost/ITSI/public/sistema/assets/libs/jquery/dist/jquery.min.js:2:28487)
    at l (http://localhost/ITSI/public/sistema/assets/libs/jquery/dist/jquery.min.js:2:78795)
    at XMLHttpRequest.<anonymous> (http://localhost/ITSI/public/sistema/assets/libs/jquery/dist/jquery.min.js:2:81123)
[  105013ms] TypeError: window.chartActividad.destroy is not a function
    at actualizarGraficos (http://localhost/ITSI/public/index.php/global-admin/estadisticas:547:31)
    at Object.success (http://localhost/ITSI/public/index.php/global-admin/estadisticas:520:17)
    at c (http://localhost/ITSI/public/sistema/assets/libs/jquery/dist/jquery.min.js:2:27742)
    at Object.fireWith [as resolveWith] (http://localhost/ITSI/public/sistema/assets/libs/jquery/dist/jquery.min.js:2:28487)
    at l (http://localhost/ITSI/public/sistema/assets/libs/jquery/dist/jquery.min.js:2:78795)
    at XMLHttpRequest.<anonymous> (http://localhost/ITSI/public/sistema/assets/libs/jquery/dist/jquery.min.js:2:81123)
[  105132ms] TypeError: window.chartActividad.destroy is not a function
    at actualizarGraficos (http://localhost/ITSI/public/index.php/global-admin/estadisticas:547:31)
    at Object.success (http://localhost/ITSI/public/index.php/global-admin/estadisticas:520:17)
    at c (http://localhost/ITSI/public/sistema/assets/libs/jquery/dist/jquery.min.js:2:27742)
    at Object.fireWith [as resolveWith] (http://localhost/ITSI/public/sistema/assets/libs/jquery/dist/jquery.min.js:2:28487)
    at l (http://localhost/ITSI/public/sistema/assets/libs/jquery/dist/jquery.min.js:2:78795)
    at XMLHttpRequest.<anonymous> (http://localhost/ITSI/public/sistema/assets/libs/jquery/dist/jquery.min.js:2:81123)
[  105246ms] TypeError: window.chartActividad.destroy is not a function
    at actualizarGraficos (http://localhost/ITSI/public/index.php/global-admin/estadisticas:547:31)
    at Object.success (http://localhost/ITSI/public/index.php/global-admin/estadisticas:520:17)
    at c (http://localhost/ITSI/public/sistema/assets/libs/jquery/dist/jquery.min.js:2:27742)
    at Object.fireWith [as resolveWith] (http://localhost/ITSI/public/sistema/assets/libs/jquery/dist/jquery.min.js:2:28487)
    at l (http://localhost/ITSI/public/sistema/assets/libs/jquery/dist/jquery.min.js:2:78795)
    at XMLHttpRequest.<anonymous> (http://localhost/ITSI/public/sistema/assets/libs/jquery/dist/jquery.min.js:2:81123)
[  105364ms] TypeError: window.chartActividad.destroy is not a function
    at actualizarGraficos (http://localhost/ITSI/public/index.php/global-admin/estadisticas:547:31)
    at Object.success (http://localhost/ITSI/public/index.php/global-admin/estadisticas:520:17)
    at c (http://localhost/ITSI/public/sistema/assets/libs/jquery/dist/jquery.min.js:2:27742)
    at Object.fireWith [as resolveWith] (http://localhost/ITSI/public/sistema/assets/libs/jquery/dist/jquery.min.js:2:28487)
    at l (http://localhost/ITSI/public/sistema/assets/libs/jquery/dist/jquery.min.js:2:78795)
    at XMLHttpRequest.<anonymous> (http://localhost/ITSI/public/sistema/assets/libs/jquery/dist/jquery.min.js:2:81123)
[  105487ms] TypeError: window.chartActividad.destroy is not a function
    at actualizarGraficos (http://localhost/ITSI/public/index.php/global-admin/estadisticas:547:31)
    at Object.success (http://localhost/ITSI/public/index.php/global-admin/estadisticas:520:17)
    at c (http://localhost/ITSI/public/sistema/assets/libs/jquery/dist/jquery.min.js:2:27742)
    at Object.fireWith [as resolveWith] (http://localhost/ITSI/public/sistema/assets/libs/jquery/dist/jquery.min.js:2:28487)
    at l (http://localhost/ITSI/public/sistema/assets/libs/jquery/dist/jquery.min.js:2:78795)
    at XMLHttpRequest.<anonymous> (http://localhost/ITSI/public/sistema/assets/libs/jquery/dist/jquery.min.js:2:81123)
[  105610ms] TypeError: window.chartActividad.destroy is not a function
    at actualizarGraficos (http://localhost/ITSI/public/index.php/global-admin/estadisticas:547:31)
    at Object.success (http://localhost/ITSI/public/index.php/global-admin/estadisticas:520:17)
    at c (http://localhost/ITSI/public/sistema/assets/libs/jquery/dist/jquery.min.js:2:27742)
    at Object.fireWith [as resolveWith] (http://localhost/ITSI/public/sistema/assets/libs/jquery/dist/jquery.min.js:2:28487)
    at l (http://localhost/ITSI/public/sistema/assets/libs/jquery/dist/jquery.min.js:2:78795)
    at XMLHttpRequest.<anonymous> (http://localhost/ITSI/public/sistema/assets/libs/jquery/dist/jquery.min.js:2:81123)
[  105722ms] TypeError: window.chartActividad.destroy is not a function
    at actualizarGraficos (http://localhost/ITSI/public/index.php/global-admin/estadisticas:547:31)
    at Object.success (http://localhost/ITSI/public/index.php/global-admin/estadisticas:520:17)
    at c (http://localhost/ITSI/public/sistema/assets/libs/jquery/dist/jquery.min.js:2:27742)
    at Object.fireWith [as resolveWith] (http://localhost/ITSI/public/sistema/assets/libs/jquery/dist/jquery.min.js:2:28487)
    at l (http://localhost/ITSI/public/sistema/assets/libs/jquery/dist/jquery.min.js:2:78795)
    at XMLHttpRequest.<anonymous> (http://localhost/ITSI/public/sistema/assets/libs/jquery/dist/jquery.min.js:2:81123)
[  105846ms] TypeError: window.chartActividad.destroy is not a function
    at actualizarGraficos (http://localhost/ITSI/public/index.php/global-admin/estadisticas:547:31)
    at Object.success (http://localhost/ITSI/public/index.php/global-admin/estadisticas:520:17)
    at c (http://localhost/ITSI/public/sistema/assets/libs/jquery/dist/jquery.min.js:2:27742)
    at Object.fireWith [as resolveWith] (http://localhost/ITSI/public/sistema/assets/libs/jquery/dist/jquery.min.js:2:28487)
    at l (http://localhost/ITSI/public/sistema/assets/libs/jquery/dist/jquery.min.js:2:78795)
    at XMLHttpRequest.<anonymous> (http://localhost/ITSI/public/sistema/assets/libs/jquery/dist/jquery.min.js:2:81123)
