[     171ms] [VERBOSE] [DOM] Input elements should have autocomplete attributes (suggested: "current-password"): (More info: https://goo.gl/9p2vKq) %o @ http://localhost/ITSI/public/index.php/login:0
[    9653ms] [LOG] CSS Styles URL: http://localhost/ITSI/public/sistema/assets/css/styles.min.css @ http://localhost/ITSI/public/index.php/admin-bienestar:32
[    9653ms] [LOG] CSS Custom URL: http://localhost/ITSI/public/sistema/assets/css/custom.css @ http://localhost/ITSI/public/index.php/admin-bienestar:33
[    9697ms] [LOG] jQuery version: 3.7.1 @ http://localhost/ITSI/public/index.php/admin-bienestar:761
[    9698ms] [LOG] jQuery is properly loaded @ http://localhost/ITSI/public/index.php/admin-bienestar:765
[    9698ms] [LOG] jQuery cargado correctamente @ http://localhost/ITSI/public/index.php/admin-bienestar:806
[    9698ms] [LOG] ApexCharts cargado correctamente @ http://localhost/ITSI/public/index.php/admin-bienestar:813
[   21097ms] [LOG] CSS Styles URL: http://localhost/ITSI/public/sistema/assets/css/styles.min.css @ http://localhost/ITSI/public/index.php/admin-bienestar/fichas-socioeconomicas:32
[   21097ms] [LOG] CSS Custom URL: http://localhost/ITSI/public/sistema/assets/css/custom.css @ http://localhost/ITSI/public/index.php/admin-bienestar/fichas-socioeconomicas:33
[   21099ms] [LOG] Estadísticas: {total: 1, enviadas: 0, revisadas: 0, aprobadas: 0, rechazadas: 1} @ http://localhost/ITSI/public/index.php/admin-bienestar/fichas-socioeconomicas:1246
[   21099ms] [LOG] Total fichas cargadas: 1 @ http://localhost/ITSI/public/index.php/admin-bienestar/fichas-socioeconomicas:1247
[   21136ms] [LOG] jQuery version: 3.7.1 @ http://localhost/ITSI/public/index.php/admin-bienestar/fichas-socioeconomicas:2202
[   21136ms] [LOG] jQuery is properly loaded @ http://localhost/ITSI/public/index.php/admin-bienestar/fichas-socioeconomicas:2206
[   21136ms] [LOG] jQuery cargado correctamente @ http://localhost/ITSI/public/index.php/admin-bienestar/fichas-socioeconomicas:2247
[   21136ms] [LOG] ApexCharts cargado correctamente @ http://localhost/ITSI/public/index.php/admin-bienestar/fichas-socioeconomicas:2254
[   31819ms] [LOG] CSS Styles URL: http://localhost/ITSI/public/sistema/assets/css/styles.min.css @ http://localhost/ITSI/public/index.php/admin-bienestar/solicitudes-ayuda:32
[   31819ms] [LOG] CSS Custom URL: http://localhost/ITSI/public/sistema/assets/css/custom.css @ http://localhost/ITSI/public/index.php/admin-bienestar/solicitudes-ayuda:33
[   31861ms] [LOG] jQuery version: 3.7.1 @ http://localhost/ITSI/public/index.php/admin-bienestar/solicitudes-ayuda:3057
[   31861ms] [LOG] jQuery is properly loaded @ http://localhost/ITSI/public/index.php/admin-bienestar/solicitudes-ayuda:3061
[   31862ms] [LOG] jQuery cargado correctamente @ http://localhost/ITSI/public/index.php/admin-bienestar/solicitudes-ayuda:3102
[   31862ms] [LOG] ApexCharts cargado correctamente @ http://localhost/ITSI/public/index.php/admin-bienestar/solicitudes-ayuda:3109
[   31864ms] [LOG] Estadísticas Estado: [Object, Object, Object, Object] @ http://localhost/ITSI/public/index.php/admin-bienestar/solicitudes-ayuda:2712
[   31864ms] [LOG] Estadísticas Prioridad: [Object, Object, Object, Object] @ http://localhost/ITSI/public/index.php/admin-bienestar/solicitudes-ayuda:2713
[   31864ms] [LOG] Datos procesados Estado: {labels: Array(4), values: Array(4)} @ http://localhost/ITSI/public/index.php/admin-bienestar/solicitudes-ayuda:2714
[   31864ms] [LOG] Datos procesados Prioridad: {labels: Array(4), values: Array(4)} @ http://localhost/ITSI/public/index.php/admin-bienestar/solicitudes-ayuda:2715
[   37874ms] [LOG] CSS Styles URL: http://localhost/ITSI/public/sistema/assets/css/styles.min.css @ http://localhost/ITSI/public/index.php/admin-bienestar/estudiantes:32
[   37874ms] [LOG] CSS Custom URL: http://localhost/ITSI/public/sistema/assets/css/custom.css @ http://localhost/ITSI/public/index.php/admin-bienestar/estudiantes:33
[   37876ms] [LOG] Estudiantes cargados: [Object, Object, Object, Object, Object, Object, Object, Object, Object, Object] @ http://localhost/ITSI/public/index.php/admin-bienestar/estudiantes:1131
[   37876ms] [LOG] Carreras cargadas: [Object, Object, Object, Object, Object, Object, Object, Object, Object, Object, Object] @ http://localhost/ITSI/public/index.php/admin-bienestar/estudiantes:1132
[   37883ms] [LOG] jQuery version: 3.7.1 @ http://localhost/ITSI/public/index.php/admin-bienestar/estudiantes:1338
[   37884ms] [LOG] jQuery is properly loaded @ http://localhost/ITSI/public/index.php/admin-bienestar/estudiantes:1342
[   37884ms] [LOG] jQuery cargado correctamente @ http://localhost/ITSI/public/index.php/admin-bienestar/estudiantes:1383
[   37884ms] [LOG] ApexCharts cargado correctamente @ http://localhost/ITSI/public/index.php/admin-bienestar/estudiantes:1390
[   42983ms] [ERROR] Failed to load resource: the server responded with a status of 500 (Internal Server Error) @ http://localhost/ITSI/public/index.php/admin-bienestar/solicitudes-becas:0
[   43062ms] [LOG] [#text, li, #text, li, #text, li, #text, li, #text, li, #text, li, #text] @ http://localhost/ITSI/public/index.php/admin-bienestar/solicitudes-becas:18
[   43063ms] [LOG] JSHandle@node @ http://localhost/ITSI/public/index.php/admin-bienestar/solicitudes-becas:54
[   43063ms] [LOG] JSHandle@node @ http://localhost/ITSI/public/index.php/admin-bienestar/solicitudes-becas:54
[   43063ms] [LOG] JSHandle@node @ http://localhost/ITSI/public/index.php/admin-bienestar/solicitudes-becas:54
[   43063ms] [LOG] JSHandle@node @ http://localhost/ITSI/public/index.php/admin-bienestar/solicitudes-becas:54
[   43063ms] [LOG] JSHandle@node @ http://localhost/ITSI/public/index.php/admin-bienestar/solicitudes-becas:54
